<?xml version="1.0" encoding="UTF-8"?>
<testsuite xmlns:xsi="http://www.w3.org/2001/XMLSchema-instance" xsi:noNamespaceSchemaLocation="https://maven.apache.org/surefire/maven-surefire-plugin/xsd/surefire-test-report-3.0.xsd" version="3.0" name="testRunner.Test" time="225.676" tests="2" errors="0" skipped="0" failures="0">
  <properties>
[...]
</properties>
  <testcase name="About cruise ship" classname="Cruise Booking" time="97.193">
    <system-out><![CDATA[
Scenario: About cruise ship                                        # featureFiles/Cruise Booking.feature:2
  Given the cruise.booking.com website homepage for cruise booking # stepDefinitions.CruiseBooking.the_website_homepage()

    Embedding About cruise ship [image/png 106794 bytes]

  When I give cruise line as input and click VIEW CRUISES          # stepDefinitions.CruiseBooking.i_give_cruise_line_as_input()

    Embedding About cruise ship [image/png 112304 bytes]

Available Cruises : 
-> Carnival Freedom
-> Carnival Radiance
-> Carnival Glory
-> Carnival Sunrise
-> Carnival Conquest

  Then It gives the result of cruises                              # stepDefinitions.CruiseBooking.it_gives_the_result_of_cruises()

    Embedding About cruise ship [image/png 110926 bytes]

  When I click the link of the first cruise and click Ship details # stepDefinitions.CruiseBooking.i_click_the_link_of_the_first_cruise()

    Embedding About cruise ship [image/png 133775 bytes]

There are no details about languages.

Name : Carnival Conquest
Registry : Panama
Builder : Kvaerner Masa-Yards
Country Built In : Finland
Ship Completed Date : 6/30/1999
Christened By : Linda Boggs
Call Letters : 3FPQ9
Refurbished Date : 1/1/2017
Capacity : 2980
Number of Crew, Nationality : 1180, International
Gross Tonnage : 110000
Stabilized : Yes
Average Speed : 21 knots
Maximum Speed : 22.5 knots
Length : 952 feet
Beam : 116 feet
Space Ratio : 37:1
Number of Passenger Decks : 13
Number of Inside Rooms : 577
Number of Outside Rooms : 910
Number of Restaurants : 4
Number of Pools : 4
Number of Elevators : 18
Voltage : 110/220
Non-Smoking Dining : Yes
Non-Smoking Ship : No
  Then There is a detail about the ship                            # stepDefinitions.CruiseBooking.there_is_a_detail_about_the_ship()

    Embedding About cruise ship [image/png 156642 bytes]

]]></system-out>
    <system-err><![CDATA[Jun 23, 2024 3:51:02 PM org.openqa.selenium.remote.tracing.opentelemetry.OpenTelemetryTracer createTracer
INFO: Using OpenTelemetry for tracing
]]></system-err>
  </testcase>
  <testcase name="Getting Vacation homes" classname="Getting holiday homes from booking.com" time="64.382">
    <system-out><![CDATA[
Scenario: Getting Vacation homes                      # featureFiles/HolidayHomes.feature:3
  Given the booking.com website homepage              # stepDefinitions.HolidayHomesSteps.the_website_homepage()

    Embedding Getting Vacation homes [image/png 1463781 bytes]

  When the location is given as Nairobi               # stepDefinitions.HolidayHomesSteps.the_location_is_given_as()

    Embedding Getting Vacation homes [image/png 1464016 bytes]

  And dates are given five days from tomorrow         # stepDefinitions.HolidayHomesSteps.dates_are_given_five_days_from_tomorrow()

    Embedding Getting Vacation homes [image/png 503399 bytes]

  And Setting the adult count to four                 # stepDefinitions.HolidayHomesSteps.setting_the_adult_count_to_four()

    Embedding Getting Vacation homes [image/png 319670 bytes]

  Then the result with search criteria appears        # stepDefinitions.HolidayHomesSteps.the_result_with_search_criteria_appears()

    Embedding Getting Vacation homes [image/png 319670 bytes]

There is no popup here too !!
  When the vacation homes is given as property type   # stepDefinitions.HolidayHomesSteps.the_vacation_homes_is_given_as_property_type()

    Embedding Getting Vacation homes [image/png 63410 bytes]

  And sort the result with rating in descending order # stepDefinitions.HolidayHomesSteps.sort_the_result_with_rating_in_descending_order()

    Embedding Getting Vacation homes [image/png 175002 bytes]

  And checks and chooses the elevator availability    # stepDefinitions.HolidayHomesSteps.checks_and_chooses_the_elevator_availability()

    Embedding Getting Vacation homes [image/png 62930 bytes]

1 -> Property name : Cozy ApartmentPrice : ₹ 18,796
2 -> Property name : Sweet Homes Apartment Near all EmbassiesPrice : ₹ 18,796
3 -> Property name : Classy Apartment Near all EmbassiesPrice : ₹ 18,796
  Then the result is provided with given criteria     # stepDefinitions.HolidayHomesSteps.the_result_is_provided_with_given_criteria()

    Embedding Getting Vacation homes [image/png 680403 bytes]

]]></system-out>
  </testcase>
</testsuite>